<?xml version="1.0" encoding="UTF-8"?>
<!-- Generated by org.testng.reporters.JUnitXMLReporter -->
<testsuite ignored="0" hostname="Arunas-MacBook-Pro.local" failures="1" tests="3" name="Test" time="0.037" errors="0" timestamp="2021-07-09T19:08:46 MST">
  <testcase classname="testNGDemos.ListenerTestNGTestCase" name="TestToPass" time="0.004"/>
  <testcase classname="testNGDemos.ListenerTestNGTestCase" name="TestToSkip" time="0.0">
    <skipped/>
  </testcase> <!-- TestToSkip -->
  <testcase classname="testNGDemos.ListenerTestNGTestCase" name="TestToFail" time="0.0">
    <failure type="java.lang.AssertionError">
      <![CDATA[java.lang.AssertionError: 
at testNGDemos.ListenerTestNGTestCase.TestToFail(ListenerTestNGTestCase.java:40)
at java.base/java.util.ArrayList.forEach(ArrayList.java:1511)
... Removed 35 stack frames]]>
    </failure>
  </testcase> <!-- TestToFail -->
</testsuite> <!-- Test -->
